Arguments: 
  C:\Program Files\nodejs\node.exe C:\Users\Guilh\AppData\Roaming\npm\node_modules\yarn\bin\yarn.js -y

PATH: 
  C:\Users\Guilh\bin;C:\Program Files\Git\mingw64\bin;C:\Program Files\Git\usr\local\bin;C:\Program Files\Git\usr\bin;C:\Program Files\Git\usr\bin;C:\Program Files\Git\mingw64\bin;C:\Program Files\Git\usr\bin;C:\Users\Guilh\bin;C:\Windows\system32;C:\Windows;C:\Windows\System32\Wbem;C:\Windows\System32\WindowsPowerShell\v1.0;C:\Windows\System32\OpenSSH;C:\Program Files\nodejs;C:\Program Files\Calibre2;C:\Program Files\Git\cmd;C:\Users\Guilh\AppData\Local\Microsoft\WindowsApps;C:\Users\Guilh\AppData\Local\Programs\Microsoft VS Code\bin;C:\Users\Guilh\AppData\Local\Programs\Hyper\resources\bin;C:\Users\Guilh\AppData\Roaming\npm;C:\Program Files\Git\usr\bin\vendor_perl;C:\Program Files\Git\usr\bin\core_perl

Yarn version: 
  1.22.19

Node version: 
  18.16.0

Platform: 
  win32 x64

Trace: 
  SyntaxError: D:\Workspace\Studying\jstack\myContacts\package.json: Unexpected end of JSON input
      at JSON.parse (<anonymous>)
      at C:\Users\Guilh\AppData\Roaming\npm\node_modules\yarn\lib\cli.js:1629:59
      at Generator.next (<anonymous>)
      at step (C:\Users\Guilh\AppData\Roaming\npm\node_modules\yarn\lib\cli.js:310:30)
      at C:\Users\Guilh\AppData\Roaming\npm\node_modules\yarn\lib\cli.js:321:13

npm manifest: 
  

yarn manifest: 
  No manifest

Lockfile: 
  # THIS IS AN AUTOGENERATED FILE. DO NOT EDIT THIS FILE DIRECTLY.
  # yarn lockfile v1
